[debug] [2022-12-05T05:20:45.765Z] ----------------------------------------------------------------------
[debug] [2022-12-05T05:20:45.776Z] Command:       /usr/local/bin/node /Users/adachishuuyuu/.npm-global/bin/firebase init
[debug] [2022-12-05T05:20:45.776Z] CLI Version:   11.16.1
[debug] [2022-12-05T05:20:45.776Z] Platform:      darwin
[debug] [2022-12-05T05:20:45.776Z] Node Version:  v19.2.0
[debug] [2022-12-05T05:20:45.777Z] Time:          Mon Dec 05 2022 14:20:45 GMT+0900 (日本標準時)
[debug] [2022-12-05T05:20:45.777Z] ----------------------------------------------------------------------
[debug] 
[debug] [2022-12-05T05:20:45.848Z] Field ".emulators.hosting.port" in "firebase.json" is possibly invalid: should be number
[debug] [2022-12-05T05:20:45.852Z] > command requires scopes: ["email","openid","https://www.googleapis.com/auth/cloudplatformprojects.readonly","https://www.googleapis.com/auth/firebase","https://www.googleapis.com/auth/cloud-platform"]
[debug] [2022-12-05T05:20:45.853Z] > authorizing via signed-in user (zhouyouzuli3@gmail.com)
[debug] [2022-12-05T05:20:45.853Z] Field ".emulators.hosting.port" in "firebase.json" is possibly invalid: should be number
[info] 
     ######## #### ########  ######## ########     ###     ######  ########
     ##        ##  ##     ## ##       ##     ##  ##   ##  ##       ##
     ######    ##  ########  ######   ########  #########  ######  ######
     ##        ##  ##    ##  ##       ##     ## ##     ##       ## ##
     ##       #### ##     ## ######## ########  ##     ##  ######  ########

You're about to initialize a Firebase project in this directory:

  /Users/adachishuuyuu/Documents/MyJamstack/with-firebase-hosting-app

Before we get started, keep in mind:

  * You are initializing within an existing Firebase project directory

[info] 
=== Project Setup
[info] 
[info] First, let's associate this project directory with a Firebase project.
[info] You can create multiple project aliases by running firebase use --add, 
[info] but for now we'll just set up a default project.
[info] 
[debug] [2022-12-05T05:20:53.234Z] Using project from CLI flag: superb-binder-370614
[debug] [2022-12-05T05:20:53.239Z] >>> [apiv2][query] GET https://firebase.googleapis.com/v1beta1/projects/superb-binder-370614 [none]
[debug] [2022-12-05T05:20:53.805Z] <<< [apiv2][status] GET https://firebase.googleapis.com/v1beta1/projects/superb-binder-370614 200
[debug] [2022-12-05T05:20:53.806Z] <<< [apiv2][body] GET https://firebase.googleapis.com/v1beta1/projects/superb-binder-370614 {"projectId":"superb-binder-370614","projectNumber":"534031174113","displayName":"My First Project","name":"projects/superb-binder-370614","resources":{"hostingSite":"superb-binder-370614"},"state":"ACTIVE","etag":"1_b92dc76f-4a8f-4573-9773-5f8964ddfd4c"}
[info] i  Using project superb-binder-370614 (My First Project) 
[info] 
=== Hosting Setup
[info] 
[info] Your public directory is the folder (relative to your project directory) that
[info] will contain Hosting assets to be uploaded with firebase deploy. If you
[info] have a build process for your assets, use your build's output directory.
[info] 
[debug] [2022-12-05T05:25:33.761Z] >>> [apiv2][query] GET https://www.gstatic.com/firebasejs/releases.json [none]
[debug] [2022-12-05T05:25:33.866Z] <<< [apiv2][status] GET https://www.gstatic.com/firebasejs/releases.json 200
[debug] [2022-12-05T05:25:33.866Z] <<< [apiv2][body] GET https://www.gstatic.com/firebasejs/releases.json {"current":{"version":"9.14.0","browserURL":"https://www.gstatic.com/firebasejs/9.14.0/firebase.js","packageURL":"https://www.gstatic.com/firebasejs/9.14.0/firebase.tgz"},"live":{"version":"9.14","browserURL":"https://www.gstatic.com/firebasejs/live/9.14/firebase.js","packageURL":"https://www.gstatic.com/firebasejs/live/9.14/firebase.tgz"},"components":{"analytics":"https://www.gstatic.com/firebasejs/9.14.0/firebase-analytics.js","app":"https://www.gstatic.com/firebasejs/9.14.0/firebase-app.js","app-check":"https://www.gstatic.com/firebasejs/9.14.0/firebase-app-check.js","auth":"https://www.gstatic.com/firebasejs/9.14.0/firebase-auth.js","auth/cordova":"https://www.gstatic.com/firebasejs/9.14.0/firebase-auth/cordova.js","auth/react-native":"https://www.gstatic.com/firebasejs/9.14.0/firebase-auth/react-native.js","functions":"https://www.gstatic.com/firebasejs/9.14.0/firebase-functions.js","firestore":"https://www.gstatic.com/firebasejs/9.14.0/firebase-firestore.js","firestore/lite":"https://www.gstatic.com/firebasejs/9.14.0/firebase-firestore/lite.js","installations":"https://www.gstatic.com/firebasejs/9.14.0/firebase-installations.js","storage":"https://www.gstatic.com/firebasejs/9.14.0/firebase-storage.js","performance":"https://www.gstatic.com/firebasejs/9.14.0/firebase-performance.js","remote-config":"https://www.gstatic.com/firebasejs/9.14.0/firebase-remote-config.js","messaging":"https://www.gstatic.com/firebasejs/9.14.0/firebase-messaging.js","messaging/sw":"https://www.gstatic.com/firebasejs/9.14.0/firebase-messaging/sw.js","database":"https://www.gstatic.com/firebasejs/9.14.0/firebase-database.js","firestore.memory":"https://www.gstatic.com/firebasejs/9.14.0/firebase-firestore.memory.js"}}
[info] ✔  Wrote build/index.html 
[info] 
[info] i  Detected a .git folder at /Users/adachishuuyuu/Documents/MyJamstack/with-firebase-hosting-app 
[info] i  Authorizing with GitHub to upload your service account to a GitHub repository's secrets store. 
[info] 
[info] Visit this URL on this device to log in:
[info] https://github.com/login/oauth/authorize?client_id=89cf50f02ac6aaed3484&state=196951844&redirect_uri=http%3A%2F%2Flocalhost%3A9005&scope=read%3Auser%20repo%20public_repo
[info] 
[info] Waiting for authentication...
[debug] [2022-12-05T05:25:56.621Z] >>> [apiv2][query] POST https://github.com/login/oauth/access_token [none]
[debug] [2022-12-05T05:25:56.624Z] >>> [apiv2][body] POST https://github.com/login/oauth/access_token [stream]
[debug] [2022-12-05T05:25:56.962Z] <<< [apiv2][status] POST https://github.com/login/oauth/access_token 200
[debug] [2022-12-05T05:25:56.962Z] <<< [apiv2][body] POST https://github.com/login/oauth/access_token {"access_token":"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","token_type":"bearer","scope":"read:user,repo"}
[debug] [2022-12-05T05:25:56.974Z] >>> [apiv2][query] GET https://api.github.com/user [none]
[debug] [2022-12-05T05:25:57.352Z] <<< [apiv2][status] GET https://api.github.com/user 200
[debug] [2022-12-05T05:25:57.352Z] <<< [apiv2][body] GET https://api.github.com/user {"login":"adachi-shu","id":80732796,"node_id":"MDQ6VXNlcjgwNzMyNzk2","avatar_url":"https://avatars.githubusercontent.com/u/80732796?v=4","gravatar_id":"","url":"https://api.github.com/users/adachi-shu","html_url":"https://github.com/adachi-shu","followers_url":"https://api.github.com/users/adachi-shu/followers","following_url":"https://api.github.com/users/adachi-shu/following{/other_user}","gists_url":"https://api.github.com/users/adachi-shu/gists{/gist_id}","starred_url":"https://api.github.com/users/adachi-shu/starred{/owner}{/repo}","subscriptions_url":"https://api.github.com/users/adachi-shu/subscriptions","organizations_url":"https://api.github.com/users/adachi-shu/orgs","repos_url":"https://api.github.com/users/adachi-shu/repos","events_url":"https://api.github.com/users/adachi-shu/events{/privacy}","received_events_url":"https://api.github.com/users/adachi-shu/received_events","type":"User","site_admin":false,"name":null,"company":null,"blog":"","location":null,"email":null,"hireable":null,"bio":null,"twitter_username":null,"public_repos":4,"public_gists":0,"followers":0,"following":0,"created_at":"2021-03-16T02:44:44Z","updated_at":"2022-11-24T01:16:34Z","private_gists":0,"total_private_repos":4,"owned_private_repos":4,"disk_usage":27195,"collaborators":0,"two_factor_authentication":false,"plan":{"name":"free","space":976562499,"collaborators":0,"private_repos":10000}}
[info] 
[info] ✔  Success! Logged into GitHub as adachi-shu 
[info] 
